This is pdfTeX, Version 3.14159265-2.6-1.40.20 (TeX Live 2019/Debian) (preloaded format=pdflatex 2020.9.21)  9 NOV 2020 07:30
entering extended mode
 restricted \write18 enabled.
 %&-line parsing enabled.
**shumko_sampex_microburst_durations_v00.tex
(./shumko_sampex_microburst_durations_v00.tex
LaTeX2e <2020-02-02> patch level 2
L3 programming layer <2020-02-14> (./agujournal2019.cls
Document Class: agujournal2019 01/14/2019
(/usr/share/texlive/texmf-dist/tex/latex/graphics/graphicx.sty
Package: graphicx 2019/11/30 v1.2a Enhanced LaTeX Graphics (DPC,SPQR)

(/usr/share/texlive/texmf-dist/tex/latex/graphics/keyval.sty
Package: keyval 2014/10/28 v1.15 key=value parser (DPC)
\KV@toks@=\toks14
)
(/usr/share/texlive/texmf-dist/tex/latex/graphics/graphics.sty
Package: graphics 2019/11/30 v1.4a Standard LaTeX Graphics (DPC,SPQR)

(/usr/share/texlive/texmf-dist/tex/latex/graphics/trig.sty
Package: trig 2016/01/03 v1.10 sin cos tan (DPC)
)
(/usr/share/texlive/texmf-dist/tex/latex/graphics-cfg/graphics.cfg
File: graphics.cfg 2016/06/04 v1.11 sample graphics configuration
)
Package graphics Info: Driver file: pdftex.def on input line 105.

(/usr/share/texlive/texmf-dist/tex/latex/graphics-def/pdftex.def
File: pdftex.def 2018/01/08 v1.0l Graphics/color driver for pdftex
))
\Gin@req@height=\dimen134
\Gin@req@width=\dimen135
)
(/usr/share/texlive/texmf-dist/tex/latex/xcolor/xcolor.sty
Package: xcolor 2016/05/11 v2.12 LaTeX color extensions (UK)

(/usr/share/texlive/texmf-dist/tex/latex/graphics-cfg/color.cfg
File: color.cfg 2016/01/02 v1.6 sample color configuration
)
Package xcolor Info: Driver file: pdftex.def on input line 225.
Package xcolor Info: Model `cmy' substituted by `cmy0' on input line 1348.
Package xcolor Info: Model `hsb' substituted by `rgb' on input line 1352.
Package xcolor Info: Model `RGB' extended on input line 1364.
Package xcolor Info: Model `HTML' substituted by `rgb' on input line 1366.
Package xcolor Info: Model `Hsb' substituted by `hsb' on input line 1367.
Package xcolor Info: Model `tHsb' substituted by `hsb' on input line 1368.
Package xcolor Info: Model `HSB' substituted by `hsb' on input line 1369.
Package xcolor Info: Model `Gray' substituted by `gray' on input line 1370.
Package xcolor Info: Model `wave' substituted by `hsb' on input line 1371.
)
(/usr/share/texlive/texmf-dist/tex/latex/url/url.sty
\Urlmuskip=\muskip16
Package: url 2013/09/16  ver 3.4  Verb mode for urls, etc.
)
(/usr/share/texlive/texmf-dist/tex/latex/lineno/lineno.sty
Package: lineno 2005/11/02 line numbers on paragraphs v4.41
\linenopenalty=\count167
\output=\toks15
\linenoprevgraf=\count168
\linenumbersep=\dimen136
\linenumberwidth=\dimen137
\c@linenumber=\count169
\c@pagewiselinenumber=\count170
\c@LN@truepage=\count171
\c@internallinenumber=\count172
\c@internallinenumbers=\count173
\quotelinenumbersep=\dimen138
\bframerule=\dimen139
\bframesep=\dimen140
\bframebox=\box45
LaTeX Info: Redefining \\ on input line 3056.
)
(/usr/share/texlive/texmf-dist/tex/latex/tools/indentfirst.sty
Package: indentfirst 1995/11/23 v1.03 Indent first paragraph (DPC)
)
(/usr/share/texlive/texmf-dist/tex/latex/ragged2e/ragged2e.sty
Package: ragged2e 2019/07/28 v2.2 ragged2e Package (MS)

(/usr/share/texlive/texmf-dist/tex/latex/ms/everysel.sty
Package: everysel 2011/10/28 v1.2 EverySelectfont Package (MS)
)
\CenteringLeftskip=\skip47
\RaggedLeftLeftskip=\skip48
\RaggedRightLeftskip=\skip49
\CenteringRightskip=\skip50
\RaggedLeftRightskip=\skip51
\RaggedRightRightskip=\skip52
\CenteringParfillskip=\skip53
\RaggedLeftParfillskip=\skip54
\RaggedRightParfillskip=\skip55
\JustifyingParfillskip=\skip56
\CenteringParindent=\skip57
\RaggedLeftParindent=\skip58
\RaggedRightParindent=\skip59
\JustifyingParindent=\skip60
)
(/usr/share/texlive/texmf-dist/tex/latex/graphics/rotating.sty
Package: rotating 2016/08/11 v2.16d rotated objects in LaTeX

(/usr/share/texlive/texmf-dist/tex/latex/base/ifthen.sty
Package: ifthen 2014/09/29 v1.1c Standard LaTeX ifthen package (DPC)
)
\c@r@tfl@t=\count174
\rotFPtop=\skip61
\rotFPbot=\skip62
\rot@float@box=\box46
\rot@mess@toks=\toks16
)
\draftskip=\count175
\c@section=\count176
\c@subsection=\count177
\c@subsubsection=\count178
\c@paragraph=\count179
\c@subparagraph=\count180
\c@figure=\count181
\c@table=\count182
\abovecaptionskip=\skip63
\belowcaptionskip=\skip64
\c@appendnum=\count183
\bibindent=\dimen141

(/usr/share/texlive/texmf-dist/tex/latex/apacite/apacite.sty
Package: apacite 2013/07/21 v6.03 APA citation
\c@BibCnt=\count184
\bibleftmargin=\skip65
\bibindent=\skip66
\bibparsep=\skip67
\bibitemsep=\skip68
\biblabelsep=\skip69
))
(./trackchanges.sty
Package: trackchanges 2009/04/22 v0.7.0 TrackChanges file 
 (/usr/share/texlive/texmf-dist/tex/latex/tools/calc.sty
Package: calc 2017/05/25 v4.3 Infix arithmetic (KKT,FJ)
\calc@Acount=\count185
\calc@Bcount=\count186
\calc@Adimen=\dimen142
\calc@Bdimen=\dimen143
\calc@Askip=\skip70
\calc@Bskip=\skip71
LaTeX Info: Redefining \setlength on input line 80.
LaTeX Info: Redefining \addtolength on input line 81.
\calc@Ccount=\count187
\calc@Cskip=\skip72
)
(/usr/share/texlive/texmf-dist/tex/latex/soul/soul.sty
Package: soul 2003/11/17 v2.4 letterspacing/underlining (mf)
\SOUL@word=\toks17
\SOUL@lasttoken=\toks18
\SOUL@cmds=\toks19
\SOUL@buffer=\toks20
\SOUL@token=\toks21
\SOUL@spaceskip=\skip73
\SOUL@ttwidth=\dimen144
\SOUL@uldp=\dimen145
\SOUL@ulht=\dimen146
)
(/usr/share/texlive/texmf-dist/tex/latex/morefloats/morefloats.sty
Package: morefloats 2015/07/22 v1.0h Raise limit of unprocessed floats (HMM)

(/usr/share/texlive/texmf-dist/tex/latex/kvoptions/kvoptions.sty
Package: kvoptions 2019/11/29 v3.13 Key value format for package options (HO)

(/usr/share/texlive/texmf-dist/tex/generic/ltxcmds/ltxcmds.sty
Package: ltxcmds 2019/12/15 v1.24 LaTeX kernel commands for general use (HO)
)
(/usr/share/texlive/texmf-dist/tex/generic/kvsetkeys/kvsetkeys.sty
Package: kvsetkeys 2019/12/15 v1.18 Key value parser (HO)
))
Package morefloats Info: Maximum number of possible floats asked for: 36
(morefloats)             (i.e. 18 more floats).
(morefloats)             LaTeX might run out of memory before this
(morefloats)             (in which case it will notify you).
)
\c@userid=\count188
\c@changenumber=\count189
\c@storefootnote=\count190
\c@numeditors=\count191
\c@maxeditors=\count192
)
(/usr/share/texlive/texmf-dist/tex/latex/l3backend/l3backend-pdfmode.def
File: l3backend-pdfmode.def 2020-02-03 L3 backend support: PDF mode
\l__kernel_color_stack_int=\count193
\l__pdf_internal_box=\box47
)
(./shumko_sampex_microburst_durations_v00.aux

LaTeX Warning: Label `fig3' multiply defined.

)
\openout1 = `shumko_sampex_microburst_durations_v00.aux'.

LaTeX Font Info:    Checking defaults for OML/cmm/m/it on input line 26.
LaTeX Font Info:    ... okay on input line 26.
LaTeX Font Info:    Checking defaults for OMS/cmsy/m/n on input line 26.
LaTeX Font Info:    ... okay on input line 26.
LaTeX Font Info:    Checking defaults for OT1/cmr/m/n on input line 26.
LaTeX Font Info:    ... okay on input line 26.
LaTeX Font Info:    Checking defaults for T1/cmr/m/n on input line 26.
LaTeX Font Info:    ... okay on input line 26.
LaTeX Font Info:    Checking defaults for TS1/cmr/m/n on input line 26.
LaTeX Font Info:    ... okay on input line 26.
LaTeX Font Info:    Checking defaults for OMX/cmex/m/n on input line 26.
LaTeX Font Info:    ... okay on input line 26.
LaTeX Font Info:    Checking defaults for U/cmr/m/n on input line 26.
LaTeX Font Info:    ... okay on input line 26.
 (/usr/share/texlive/texmf-dist/tex/context/base/mkii/supp-pdf.mkii
[Loading MPS to PDF converter (version 2006.09.02).]
\scratchcounter=\count194
\scratchdimen=\dimen147
\scratchbox=\box48
\nofMPsegments=\count195
\nofMParguments=\count196
\everyMPshowfont=\toks22
\MPscratchCnt=\count197
\MPscratchDim=\dimen148
\MPnumerator=\count198
\makeMPintoPDFobject=\count199
\everyMPtoPDFconversion=\toks23
) (/usr/share/texlive/texmf-dist/tex/latex/epstopdf-pkg/epstopdf-base.sty
Package: epstopdf-base 2020-01-24 v2.11 Base part for package epstopdf

(/usr/share/texlive/texmf-dist/tex/generic/infwarerr/infwarerr.sty
Package: infwarerr 2019/12/03 v1.5 Providing info/warning/error messages (HO)
)
(/usr/share/texlive/texmf-dist/tex/latex/grfext/grfext.sty
Package: grfext 2019/12/03 v1.3 Manage graphics extensions (HO)

(/usr/share/texlive/texmf-dist/tex/generic/kvdefinekeys/kvdefinekeys.sty
Package: kvdefinekeys 2019-12-19 v1.6 Define keys (HO)
))
(/usr/share/texlive/texmf-dist/tex/latex/pdftexcmds/pdftexcmds.sty
Package: pdftexcmds 2019/11/24 v0.31 Utility functions of pdfTeX for LuaTeX (HO
)

(/usr/share/texlive/texmf-dist/tex/generic/iftex/iftex.sty
Package: iftex 2019/11/07 v1.0c TeX engine tests
)
Package pdftexcmds Info: \pdf@primitive is available.
Package pdftexcmds Info: \pdf@ifprimitive is available.
Package pdftexcmds Info: \pdfdraftmode found.
)
Package epstopdf-base Info: Redefining graphics rule for `.eps' on input line 4
85.
Package grfext Info: Graphics extension search list:
(grfext)             [.pdf,.png,.jpg,.mps,.jpeg,.jbig2,.jb2,.PDF,.PNG,.JPG,.JPE
G,.JBIG2,.JB2,.eps]
(grfext)             \AppendGraphicsExtensions on input line 504.

(/usr/share/texlive/texmf-dist/tex/latex/latexconfig/epstopdf-sys.cfg
File: epstopdf-sys.cfg 2010/07/13 v1.3 Configuration of (r)epstopdf for TeX Liv
e
))
ABD: EverySelectfont initializing macros
LaTeX Info: Redefining \selectfont on input line 26.
\c@maskedRefs=\count266

(/usr/share/texlive/texmf-dist/tex/latex/apacite/english.apc
File: english.apc 2013/07/21 v6.03 apacite language file
LaTeX Info: Redefining \BPBI on input line 129.
LaTeX Info: Redefining \BHBI on input line 130.
)
LaTeX Font Info:    External font `cmex10' loaded for size
(Font)              <7> on input line 61.
LaTeX Font Info:    External font `cmex10' loaded for size
(Font)              <5> on input line 61.
LaTeX Font Info:    External font `cmex10' loaded for size
(Font)              <8> on input line 64.
LaTeX Font Info:    External font `cmex10' loaded for size
(Font)              <6> on input line 64.

Overfull \hbox (19.62675pt too wide) in paragraph at lines 77--78
[]\OT1/cmr/m/n/10 We iden-ti-fied rel-a-tivis-tic mi-crobursts ob-served by the
 SAM-PEX satel-lite and quan- 
 []


Overfull \hbox (1.12685pt too wide) in paragraph at lines 78--79
[]\OT1/cmr/m/n/10 Microburst du-ra-tion roughly dou-bles be-tween the mid-night
 and noon mag-netic 
 []

[1{/var/lib/texmf/fonts/map/pdftex/updmap/pdftex.map}]
Overfull \hbox (21.93237pt too wide) in paragraph at lines 103--105
\OT1/cmr/m/n/10 In this study we used the So-lar Anoma-lous and Mag-ne-to-spher
ic Par-ti-cle Ex-plorer to iden- 
 []


Overfull \hbox (21.738pt too wide) in paragraph at lines 103--105
\OT1/cmr/m/n/10 found the short-est mi-crobursts, with a me-dian du-ra-tion aro
und 80 mil-lisec-onds, near mid- 
 []


Overfull \hbox (21.54358pt too wide) in paragraph at lines 103--105
\OT1/cmr/m/n/10 night mag-netic lo-cal time. Mi-croburst du-ra-tion in-creases 
through dawn and to noon mag- 
 []


Overfull \hbox (11.26573pt too wide) in paragraph at lines 103--105
\OT1/cmr/m/n/10 netic lo-cal time, where the me-dian mi-croburst du-ra-tion rou
ghly dou-bles to 160 mil-lisec- 
 []


Overfull \hbox (8.9046pt too wide) in paragraph at lines 103--105
\OT1/cmr/m/n/10 onds. The in-creas-ing mi-croburst du-ra-tion trend in mag-neti
c lo-cal time is sim-i-lar to the 
 []


Overfull \hbox (2.23792pt too wide) in paragraph at lines 103--105
\OT1/cmr/m/n/10 whistler mode cho-rus ris-ing tone el-e-ment du-ra-tion, shed-d
ing light into the mi-croburst 
 []


LaTeX Font Warning: Font shape `OT1/cmr/m/n' in size <10.5> not available
(Font)              size <10.95> substituted on input line 107.


LaTeX Font Warning: Font shape `OT1/cmr/bx/n' in size <10.5> not available
(Font)              size <10.95> substituted on input line 107.


Overfull \hbox (14.32132pt too wide) in paragraph at lines 108--109
\OT1/cmr/m/n/10 Microbursts are a nat-u-rally oc-cur-ring form of elec-tron pre
-cip-i-ta-tion from the near-Earth 
 []


Overfull \hbox (12.43233pt too wide) in paragraph at lines 108--109
\OT1/cmr/m/n/10 space into the at-mo-sphere. They are char-ac-ter-ized by their
 short du-ra-tion, typ-i-cally de- 
 []


Overfull \hbox (13.76567pt too wide) in paragraph at lines 108--109
\OT1/cmr/m/n/10 fined to be less than a sec-ond, or some-times as 100 mil-lisec
-onds... Mi-croburst im-pact on 
 []


Overfull \hbox (8.82129pt too wide) in paragraph at lines 108--109
\OT1/cmr/m/n/10 the at-mo-sphere in-cludes the degra-da-tion of Meso-spheric Oz
one through the pro-duc-tion 
 []


Overfull \hbox (10.84908pt too wide) in paragraph at lines 108--109
\OT1/cmr/m/n/10 of Odd Ni-tro-gen and Odd Hy-dro-gen molecules... We don't know
 the de-tails on how mi- 
 []


Overfull \hbox (19.87666pt too wide) in paragraph at lines 108--109
\OT1/cmr/m/n/10 croburst elec-trons are scat-tered, but there is ev-i-dence tha
t they are scat-tered by whistler- 
 []


Overfull \hbox (7.68237pt too wide) in paragraph at lines 108--109
\OT1/cmr/m/n/10 mode cho-rus ris-ing tone el-e-ments... Talk about du-ra-tion a
nd how it is a probe into the 
 []


Overfull \hbox (12.12672pt too wide) in paragraph at lines 122--122
[]\OT1/cmr/m/n/10 Introduce par-ti-cle ac-cel-er-at-ing/scattering mech-a-nism.
.. dual role of cho-rus waves.  
 []


Overfull \hbox (20.48788pt too wide) in paragraph at lines 122--122
[]\OT1/cmr/m/n/10 Mention the chorus-microburst link, but it is cur-rently un-k
nown the physics of how 
 []


Overfull \hbox (7.73781pt too wide) in paragraph at lines 122--122
\OT1/cmr/m/n/10 elec-trons get scat-tered. Two ap-proaches are quasi-linear dif
-fu-sion and non-linear 
 []


Overfull \hbox (12.9601pt too wide) in paragraph at lines 122--122
[]\OT1/cmr/m/n/10 Talk about microburst-chorus ris-ing tone el-e-ment du-ra-tio
n and how they are sim- 
 []


Overfull \hbox (11.48788pt too wide) in paragraph at lines 122--122
[]\OT1/cmr/m/n/10 The mi-croburst width has not been ex-plored as a func-tion o
f ge-o-mag-netic in-dices 
 []


Overfull \hbox (16.2101pt too wide) in paragraph at lines 122--122
[]\OT1/cmr/m/n/10 The trends in mi-croburst width (du-ra-tion) can be a probe i
nto the con-di-tions nec- 
 []


Overfull \hbox (2.90451pt too wide) in paragraph at lines 132--132
[]\OT1/cmr/m/n/10 Describe the 20 ms data used in this study (State4, 20 ms, av
oided spin times). 
 []


Overfull \hbox (3.79343pt too wide) in paragraph at lines 133--134
[]\OT1/cmr/m/n/10 In this study we used data taken by the So-lar Anoma-lous Mag
-ne-to-spheric Par-ti- 
 []


Overfull \hbox (2.79344pt too wide) in paragraph at lines 148--148
[]\OT1/cmr/m/n/10 The method-ol-ogy con-sists of two main steps: iden-tify mi-c
robursts and es-ti-mate 
 []

[2]
Overfull \hbox (7.01563pt too wide) in paragraph at lines 148--148
[]\OT1/cmr/m/n/10 We iden-ti-fied mi-crobursts us-ing the Burst pa-ram-e-ter. M
en-tion the bias and how 
 []


Overfull \hbox (20.37672pt too wide) in paragraph at lines 148--148
[]\OT1/cmr/m/n/10 Discuss bi-ases to short width, low counts. Douma 2019 showed
 that the mi-croburst 
 []


Overfull \hbox (14.84906pt too wide) in paragraph at lines 148--148
\OT1/cmr/m/n/10 fluxes are roughly uni-form in MLT (could this com-par-i-son be
 in-valid since Douma 
 []


Overfull \hbox (11.64069pt too wide) in paragraph at lines 148--148
[]\OT1/cmr/m/n/10 Gaussian + trend fit. Trend is im-por-tant to ap-prox-i-mate 
the drift-ing elec-trons in 
 []


Overfull \hbox (21.5712pt too wide) in paragraph at lines 148--148
\OT1/cmr/m/n/10 the DLC. au-tomat-ing fits is dif-fi-cult so we helped out: the
 ini-tial pa-ram-e-ter guesses 
 []


Overfull \hbox (2.6823pt too wide) in paragraph at lines 148--148
\OT1/cmr/m/n/10 were pro-vided from the promi-nence method, and the qual-ity of
 fit checked with 
 []


Overfull \hbox (4.4254pt too wide) in paragraph at lines 148--148
\OT1/cmr/m/n/10 the $\OML/cmm/m/it/10 r[]$ \OT1/cmr/m/n/10 and adj $\OML/cmm/m/
it/10 r[]$\OT1/cmr/m/n/10 . Pro-vide the def-i-ni-tion of $\OML/cmm/m/it/10 r[]
$ \OT1/cmr/m/n/10 used here and state the good-ness 
 []


Overfull \hbox (10.15448pt too wide) in paragraph at lines 148--148
[]\OT1/cmr/m/n/10 Ref Fig 1 mi-crobursts + fits. Men-tion the ben-e-fit of the 
lin-ear trend, and screen- 
 []


Overfull \hbox (0.96002pt too wide) in paragraph at lines 150--151
[]\OT1/cmr/m/n/10 To es-ti-mate the mi-croburst du-ra-tion we first iden-ti-fie
d mi-crobursts and then we 
 []


Overfull \hbox (22.71013pt too wide) in paragraph at lines 153--154
[]\OT1/cmr/m/n/10 We iden-ti-fied mi-crobursts us-ing the burst pa-ram-e-ter de
-fined by []O'Brien et al.[] (2003) 
 []


Overfull \hbox (18.71019pt too wide) in paragraph at lines 153--154
\OT1/cmr/m/n/10 and used in nu-mer-ous other mi-croburst stud-ies with SAM-PEX 
[]e.g. Douma et al.[], 2017). 
 []


Overfull \hbox (3.40456pt too wide) in paragraph at lines 153--154
\OT1/cmr/m/n/10 As-sum-ing Pois-son prob-a-bil-ity for the ob-served elec-tron 
counts, the burst pa-ram-e-ter is 
 []


Overfull \hbox (0.21022pt too wide) in paragraph at lines 153--154
\OT1/cmr/m/n/10 the num-ber of stan-dard de-vi-a-tions of a fore-ground sig-nal
 above the back-ground. It is 
 []


Overfull \hbox (1.44617pt too wide) in paragraph at lines 156--157
[]\OT1/cmr/m/n/10 Find a bet-ter vari-able than bp. This is not British Petrole
um[] where $\OML/cmm/m/it/10 N$ \OT1/cmr/m/n/10 is the num-ber 
 []


Overfull \hbox (6.7101pt too wide) in paragraph at lines 156--157
\OT1/cmr/m/n/10 of fore-ground elec-tron counts (mi-croburst or oth-er-wise), a
nd $\OML/cmm/m/it/10 A$ \OT1/cmr/m/n/10 is the cen-tered run-ning 
 []


Overfull \hbox (1.29341pt too wide) in paragraph at lines 156--157
\OT1/cmr/m/n/10 av-er-age counts rep-re-sent-ing the back-ground. The $1$ in th
e de-nom-i-na-tor pre-vents a di- 
 []


Overfull \hbox (24.0851pt too wide) in paragraph at lines 156--157
\OT1/cmr/m/n/10 vi-sion by 0 er-ror. In []O'Brien et al.[] (2003), and in the r
e-sults in this study, $\OML/cmm/m/it/10 N$ \OT1/cmr/m/n/10 was summed 
 []


Overfull \hbox (18.06421pt too wide) in paragraph at lines 156--157
\OT1/cmr/m/n/10 over 0.1 sec-onds and is called $\OML/cmm/m/it/10 N[]$\OT1/cmr/
m/n/10 , while $\OML/cmm/m/it/10 A$ \OT1/cmr/m/n/10 pa-ram-e-ter was summed ove
r 0.5 sec-onds and 
 []


Overfull \hbox (13.12671pt too wide) in paragraph at lines 156--157
\OT1/cmr/m/n/10 is called $\OML/cmm/m/it/10 A[]$\OT1/cmr/m/n/10 . Hence-forth w
e will spec-ify the time win-dow with the sub-script for $\OML/cmm/m/it/10 N$ \
OT1/cmr/m/n/10 and 
 []


Overfull \hbox (12.74486pt too wide) in paragraph at lines 156--157
\OML/cmm/m/it/10 A$\OT1/cmr/m/n/10 . With $\OML/cmm/m/it/10 A[]$ \OT1/cmr/m/n/1
0 and $\OML/cmm/m/it/10 N[]$\OT1/cmr/m/n/10 , we de-tected a to-tal of 256,764 
mi-crobursts over the 13 year pe- 
 []


Overfull \hbox (6.12686pt too wide) in paragraph at lines 156--157
\OT1/cmr/m/n/10 riod from 1997 to 2012. Four ex-am-ples of mi-crobursts are sho
wn in Fig. 1[] by the solid 
 []


Overfull \hbox (4.6267pt too wide) in paragraph at lines 158--159
[]\OT1/cmr/m/n/10 The choice of $\OML/cmm/m/it/10 A$ \OT1/cmr/m/n/10 de-ter-min
es the sen-si-tiv-ity of the burst pa-ram-e-ter to mi-crobursts 
 []


Overfull \hbox (15.77965pt too wide) in paragraph at lines 158--159
\OT1/cmr/m/n/10 of var-i-ous du-ra-tions (widths). This sen-si-tiv-ity is best 
il-lus-trated with an ex-am-ple. Given 
 []


Overfull \hbox (10.11282pt too wide) in paragraph at lines 158--159
\OT1/cmr/m/n/10 a 1-second wide mi-croburst, if we use $\OML/cmm/m/it/10 A[]$\O
T1/cmr/m/n/10 , the cen-tered av-er-age back-ground at the mi- 
 []


Overfull \hbox (8.1545pt too wide) in paragraph at lines 158--159
\OT1/cmr/m/n/10 croburst time is scewed higher to-wards the mi-croburst peak. T
he av-er-age is dom-i-nated 
 []


Overfull \hbox (4.62685pt too wide) in paragraph at lines 158--159
\OT1/cmr/m/n/10 heav-ily by the mi-croburst counts. On the other hand, if we us
e $\OML/cmm/m/it/10 A[]$\OT1/cmr/m/n/10 , the back-ground 
 []


Overfull \hbox (3.71008pt too wide) in paragraph at lines 158--159
\OT1/cmr/m/n/10 will not be el-e-vated as much be-cause more true back-ground c
ounts will be in-cluded in 
 []


Overfull \hbox (0.65802pt too wide) in paragraph at lines 158--159
\OT1/cmr/m/n/10 the av-er-age. There-fore, $\OML/cmm/m/it/10 bp$ \OT1/cmr/m/n/1
0 will be rel-a-tively larger for $\OML/cmm/m/it/10 A[]$ \OT1/cmr/m/n/10 than $
\OML/cmm/m/it/10 A[]$\OT1/cmr/m/n/10 . This sen-si-tiv- 
 []


Overfull \hbox (7.57114pt too wide) in paragraph at lines 158--159
\OT1/cmr/m/n/10 ity man-i-fests it-self as a bias to-wards nar-rower mi-croburs
ts that we will ad-dress later in 
 []

<figures/fig1.pdf, id=21, 867.24pt x 289.08pt>
File: figures/fig1.pdf Graphic file (type pdf)
<use figures/fig1.pdf>
Package pdftex.def Info: figures/fig1.pdf  used on input line 161.
(pdftex.def)             Requested size: 397.48499pt x 132.4976pt.
LaTeX Font Info:    External font `cmex10' loaded for size
(Font)              <9> on input line 162.

Underfull \hbox (badness 10000) in paragraph at lines 162--162
\OT1/cmr/m/n/9 dashed red lines. The fit full width at half max-i-mum (FWHM) an
d the $[]$ good-ness of fit met-ric
 []


Underfull \hbox (badness 10000) in paragraph at lines 162--162
\OT1/cmr/m/n/9 is an-no-tated in each panel. The ma-jor time ticks are at ev-er
y sec-ond, while the mi-nor ticks are at
 []


Overfull \hbox (8.9046pt too wide) in paragraph at lines 167--168
[]\OT1/cmr/m/n/10 We es-ti-mated the mi-croburst du-ra-tion us-ing two meth-ods
: the du-ra-tion at half of 
 []


Overfull \hbox (9.68234pt too wide) in paragraph at lines 171--172
[]\OT1/cmr/m/n/10 An al-ter-na-tive method that can be au-to-mat-i-cally checke
d is non-linear re-gres-sion. 
 []


Overfull \hbox (2.90451pt too wide) in paragraph at lines 171--172
\OT1/cmr/m/n/10 For a fit model we as-sumed a Gaus-sian su-per-posed with a lin
-ear trend. The Gaus-sian 
 []


Overfull \hbox (18.90456pt too wide) in paragraph at lines 171--172
\OT1/cmr/m/n/10 mod-els the shape of the mi-croburst; while the lin-ear trend a
c-counts for the elec-trons that 
 []


Overfull \hbox (1.12674pt too wide) in paragraph at lines 171--172
\OT1/cmr/m/n/10 are ei-ther trapped or quasi-trapped in the drift loss cone. Th
e fit model is de-fined as:  
 []

[3]
Overfull \hbox (24.64417pt too wide) in paragraph at lines 174--175
\OT1/cmr/m/n/10 where $\OML/cmm/m/it/10 A$\OT1/cmr/m/n/10 , $\OML/cmm/m/it/10 t
[]$\OT1/cmr/m/n/10 , and $\OML/cmm/m/it/10 ^^[$ \OT1/cmr/m/n/10 are the Gaus-si
an am-pli-tude, cen-ter time, and stan-dard de-vi-a-tion; while 
 []


Overfull \hbox (16.30965pt too wide) in paragraph at lines 174--175
\OT1/cmr/m/n/10 the $\OML/cmm/m/it/10 c[]$ \OT1/cmr/m/n/10 and $\OML/cmm/m/it/1
0 c[]$ \OT1/cmr/m/n/10 are the back-ground count in-ter-cept and slope. The fit
 was ap-plied over the 
 []


Overfull \hbox (10.68242pt too wide) in paragraph at lines 174--175
[]\OT1/cmr/m/n/10 the fol-low-ing du-ra-tion, and the ini-tial pa-ram-e-ter gue
ss was pro-vided by X[]. The op-ti-mal 
 []


Overfull \hbox (10.23921pt too wide) in paragraph at lines 174--175
\OT1/cmr/m/n/10 fit pa-ram-e-ters were found us-ing Python's $\OT1/cmtt/m/n/10 
scipy [] .curve [] []fit()$ \OT1/cmr/m/n/10 func-tion. We de-fined the 
 []


Overfull \hbox (18.90475pt too wide) in paragraph at lines 174--175
\OT1/cmr/m/n/10 mi-croburst du-ra-tion as the full width at half max-i-mum (FWH
M) of the mi-croburst peak, 
 []


Overfull \hbox (4.28703pt too wide) in paragraph at lines 182--183
\OT1/cmr/m/n/10 where $\OML/cmm/m/it/10 SS[]$ \OT1/cmr/m/n/10 is the sum of squ
ares of the resid-u-als be-tween the ob-served counts $\OML/cmm/m/it/10 c[]$ \O
T1/cmr/m/n/10 and 
 []


Overfull \hbox (6.91153pt too wide) in paragraph at lines 182--183
\OT1/cmr/m/n/10 the fit counts $\OML/cmm/m/it/10 f[]$ \OT1/cmr/m/n/10 for each 
time stamp, and $\OML/cmm/m/it/10 SS[]$ \OT1/cmr/m/n/10 is the sum of squares b
e-tween $\OML/cmm/m/it/10 c[]$ \OT1/cmr/m/n/10 and 
 []


Overfull \hbox (1.2275pt too wide) in paragraph at lines 184--185
[]\OT1/cmr/m/n/10 One in-ter-pre-ta-tion of $\OML/cmm/m/it/10 R[]$ \OT1/cmr/m/n
/10 is: frac-tion-ally how much bet-ter the model fit ex-plains 
 []


Overfull \hbox (0.75993pt too wide) in paragraph at lines 184--185
\OT1/cmr/m/n/10 the vari-ance in the data, com-pared to a null hy-poth-e-sis ho
r-i-zon-tal line fit at $[]$. When 
 []


Overfull \hbox (6.88359pt too wide) in paragraph at lines 184--185
\OML/cmm/m/it/10 R[] \OT1/cmr/m/n/10 = 1$, the mod-eled fit per-fectly de-scrib
es the vari-ance in the data, and $\OML/cmm/m/it/10 R[]$ \OT1/cmr/m/n/10 can be
 ar- 
 []


Overfull \hbox (17.57126pt too wide) in paragraph at lines 186--187
[]\OT1/cmr/m/n/10 To ac-count for over-fit-ting that re-sults from the vari-abl
e num-ber of data points used 
 []


Overfull \hbox (14.02148pt too wide) in paragraph at lines 190--191
\OT1/cmr/m/n/10 where $\OML/cmm/m/it/10 n$ \OT1/cmr/m/n/10 is the num-ber of da
ta points fit, and $\OML/cmm/m/it/10 p$ \OT1/cmr/m/n/10 is the num-ber of pa-ra
m-e-ters. In-tu-itively, 
 []


Overfull \hbox (7.98788pt too wide) in paragraph at lines 190--191
\OT1/cmr/m/n/10 are used for the rest of this anal-y-sis. []We com-pared the mi
-croburst du-ra-tions es-ti-mated 
 []


Overfull \hbox (14.94968pt too wide) in paragraph at lines 190--191
\OT1/cmr/m/n/10 with the promi-nence and fit meth-ods. We found that with the $
[] \OML/cmm/m/it/10 > \OT1/cmr/m/n/10 0\OML/cmm/m/it/10 :\OT1/cmr/m/n/10 9$ con
-straint, both 
 []

[4 <./figures/fig1.pdf>]
Overfull \hbox (20.12686pt too wide) in paragraph at lines 192--193
\OT1/cmr/m/n/10 0\OML/cmm/m/it/10 :\OT1/cmr/m/n/10 83$ that were ex-cluded from
 this study. On other hand, Fig. 1[]b-d show mi-crobursts that 
 []


Overfull \hbox (21.37675pt too wide) in paragraph at lines 194--195
[]\OT1/cmr/m/n/10 Lastly, Fig. 1[]c,d demon-strate the ne-ces-sity of the lin-e
ar fit to ac-count for the chang- 
 []


Overfull \hbox (4.26572pt too wide) in paragraph at lines 194--195
\OT1/cmr/m/n/10 ing back-ground. The lin-ear fit ac-counts for the non-zero mea
n back-ground counts and 
 []


Overfull \hbox (26.72406pt too wide) in paragraph at lines 194--195
\OT1/cmr/m/n/10 the dif-fer-ent am-pli-tudes of the edges of the Gaus-sian. Of 
the 256,764 de-tected mi-crobursts, 
 []


Overfull \hbox (1.12682pt too wide) in paragraph at lines 197--198
[]\OT1/cmr/m/n/10 The mi-crobursts that had a good fit are used to quan-tify th
e dis-tri-bu-tion of mi- 
 []


Overfull \hbox (2.65463pt too wide) in paragraph at lines 197--198
\OT1/cmr/m/n/10 croburst du-ra-tion (FWHM) for all mi-crobursts, as a func-tion
 of L and MLT, and as a 
 []


Overfull \hbox (9.42189pt too wide) in paragraph at lines 199--200
[]\OT1/cmr/m/n/10 Figure 2[] shows the dis-tri-bu-tion of all mi-crobursts that
 had a good-ness of fit $[] \OML/cmm/m/it/10 > 
 []

<figures/figX.pdf, id=95, 462.52798pt x 346.89601pt>
File: figures/figX.pdf Graphic file (type pdf)
<use figures/figX.pdf>
Package pdftex.def Info: figures/figX.pdf  used on input line 202.
(pdftex.def)             Requested size: 397.48499pt x 298.12889pt.
<figures/fig2.pdf, id=96, 722.7pt x 578.16pt>
File: figures/fig2.pdf Graphic file (type pdf)
<use figures/fig2.pdf>
Package pdftex.def Info: figures/fig2.pdf  used on input line 208.
(pdftex.def)             Requested size: 397.48499pt x 317.98898pt.

Underfull \hbox (badness 10000) in paragraph at lines 209--209
[]\OT1/cmr/bx/n/9 Figure  3. \OT1/cmr/m/n/9 The joint dis-tri-bu-tions of mi-cr
oburst du-ra-tion (FWHM) as a func-tion of L and
 []


Underfull \hbox (badness 10000) in paragraph at lines 209--209
\OT1/cmr/m/n/9 MLT. In each L-MLT bin with more than 100 good mi-croburst fits,
 the 25th, 50th, and 75th per-
 []


Underfull \hbox (badness 10000) in paragraph at lines 209--209
\OT1/cmr/m/n/9 centiles of the du-ra-tion were cal-cu-lated and shown in pan-el
s a-c, re-spec-tively. The white bins in
 []


Underfull \hbox (badness 10000) in paragraph at lines 209--209
\OT1/cmr/m/n/9 pan-els a-c have less than 100 good mi-croburst fits. Panel d sh
ows the dis-tri-bu-tion of the num-ber
 []

<figures/fig3.pdf, id=97, 867.24pt x 433.62pt>
File: figures/fig3.pdf Graphic file (type pdf)
<use figures/fig3.pdf>
Package pdftex.def Info: figures/fig3.pdf  used on input line 214.
(pdftex.def)             Requested size: 397.48499pt x 198.74641pt.

Underfull \hbox (badness 10000) in paragraph at lines 215--215
[]\OT1/cmr/bx/n/9 Figure  4. \OT1/cmr/m/n/9 The marginal-ized dis-tri-bu-tions 
of the num-ber of mi-crobursts as a func-tion of mi-
 []

<figures/fig4.pdf, id=98, 867.24pt x 361.35pt>
File: figures/fig4.pdf Graphic file (type pdf)
<use figures/fig4.pdf>
Package pdftex.def Info: figures/fig4.pdf  used on input line 220.
(pdftex.def)             Requested size: 397.48499pt x 165.62201pt.

Underfull \hbox (badness 10000) in paragraph at lines 221--221
[]\OT1/cmr/bx/n/9 Figure  5. \OT1/cmr/m/n/9 The dis-tri-bu-tion of the mi-crobu
rst du-ra-tion (FWHM) for three ranges of the Au-ro-
 []


Underfull \vbox (badness 4391) has occurred while \output is active []

 [5 <./figures/figX.pdf>] [6 <./figures/fig2.pdf> <./figures/fig3.pdf

pdfTeX warning: /usr/bin/pdflatex (file ./figures/fig3.pdf): PDF inclusion: mul
tiple pdfs with page group included in a single page
>]
Overfull \hbox (7.84894pt too wide) in paragraph at lines 234--234
[]\OT1/cmr/m/n/10 Comment that mi-crobursts at lower en-ergy are wider (data + 
model). The cited 
 []


Overfull \hbox (0.9322pt too wide) in paragraph at lines 236--237
[]\OT1/cmr/m/n/10 To ad-dress the burst pa-ram-e-ter pref-er-en-tial bias to na
r-rower mi-crobursts, as in- 
 []


Overfull \hbox (5.43237pt too wide) in paragraph at lines 236--237
\OT1/cmr/m/n/10 tro-duced in sec-tion 3.1[], we ran the mi-croburst iden-ti-fi-
ca-tion al-go-rithm on the data us- 
 []


Overfull \hbox (13.27968pt too wide) in paragraph at lines 236--237
\OT1/cmr/m/n/10 ing three back-ground val-ues: $\OML/cmm/m/it/10 A[]$\OT1/cmr/m
/n/10 , $\OML/cmm/m/it/10 A[]$\OT1/cmr/m/n/10 , and $\OML/cmm/m/it/10 A[]$\OT1/
cmr/m/n/10 . As de-scribed in sec-tion 3.1[], an de- 
 []


Overfull \hbox (16.90454pt too wide) in paragraph at lines 236--237
\OT1/cmr/m/n/10 tec-tion al-go-rithm who's cen-tered run-ning av-er-age is over
 wider time pe-ri-ods will be more 
 []


Overfull \hbox (9.01561pt too wide) in paragraph at lines 236--237
\OT1/cmr/m/n/10 sen-si-tive to wider and less promi-nent mi-crobursts. There-fo
re we can iden-tify the bias if 
 []


Overfull \hbox (5.37668pt too wide) in paragraph at lines 236--237
\OT1/cmr/m/n/10 there is a rel-a-tive ex-cess of longer du-ra-tion mi-crobursts
 when the av-er-age time was in- 
 []


Overfull \hbox (9.65451pt too wide) in paragraph at lines 236--237
\OT1/cmr/m/n/10 creased. We found no such ex-cess for mi-croburst data sets tha
t were made us-ing $\OML/cmm/m/it/10 A[]$\OT1/cmr/m/n/10 , 
 []


Overfull \hbox (14.15451pt too wide) in paragraph at lines 236--237
\OT1/cmr/m/n/10 and $\OML/cmm/m/it/10 A[]$\OT1/cmr/m/n/10 . There-fore, we be-l
ieve that $\OML/cmm/m/it/10 > \OT1/cmr/m/n/10 1$ MeV mi-crobursts are truly nar
-rower than 250 
 []


Overfull \hbox (3.93231pt too wide) in paragraph at lines 252--255
\OT1/cmr/m/n/10 We are thank-ful for the en-gi-neers and sci-en-tists who made 
the SAM-PEX mis-sion pos- 
 []


Overfull \hbox (7.43245pt too wide) in paragraph at lines 252--255
\OT1/cmr/m/n/10 si-ble. M. Shumko is thank-ful for the sup-port pro-vided by th
e NASA Post-doc-toral Pro- 
 []


Overfull \hbox (7.64069pt too wide) in paragraph at lines 252--255
\OT1/cmr/m/n/10 gram at the NASA's God-dard Space Flight Cen-ter, ad-min-is-ter
ed by Uni-ver-si-ties Space 
 []


Overfull \hbox (4.54343pt too wide) in paragraph at lines 252--255
\OT1/cmr/m/n/10 Re-search As-so-ci-a-tion un-der con-tract with NASA. []Lau-ren
's and Alex's fund-ing sources[] 
 []


Overfull \hbox (6.7642pt too wide) in paragraph at lines 252--255
\OT1/cmr/m/n/10 The SAM-PEX HILT and at-ti-tude data are lo-cated at $\OT1/cmtt
/m/n/10 http :// www [] .srl [] .caltech [] .edu / 
 []


Overfull \hbox (11.04193pt too wide) in paragraph at lines 252--255
\OT1/cmtt/m/n/10 sampex / DataCenter / data [] .html$ \OT1/cmr/m/n/10 and the m
inute ca-dence Au-ro-ral Elec-tro-ject data is lo- 
 []


Overfull \hbox (40.46066pt too wide) in paragraph at lines 252--255
\OT1/cmr/m/n/10 cated at $\OT1/cmtt/m/n/10 ftp :// ftp [] .ngdc [] .noaa [] .go
v / STP / GEOMAGNETIC [] []DATA / INDICES / AURORAL [] []ELECTROJET / 
 []


Overfull \hbox (22.7099pt too wide) in paragraph at lines 252--255
\OT1/cmtt/m/n/10 ONE [] []MINUTE /$\OT1/cmr/m/n/10 . The anal-y-sis soft-ware i
s archived at []$\OT1/cmtt/m/n/10 https :// github [] .com / mshumko / sampex [
] 
 []

(./shumko_sampex_microburst_durations_v00.bbl
Underfull \hbox (badness 7722) in paragraph at lines 17--40
[]\OT1/cmr/m/n/10 Douma, E., Rodger, C. J., Blum, L. W., & Clil-verd, M. A.  (2
017).  Oc-cur-rence 
 []


Underfull \hbox (badness 10000) in paragraph at lines 17--40
\OT1/cmr/m/n/10 char-ac-ter-is-tics of rel-a-tivis-tic elec-tron mi-crobursts f
rom SAM-PEX ob-ser-va-tions. 
 []


Underfull \hbox (badness 6542) in paragraph at lines 17--40
\OT1/cmr/m/n/10 from $\OT1/cmtt/m/n/10 http :// dx [] .doi [] .org / 10 [] .100
2 / 2017JA024067$   \OT1/cmr/m/n/10 (2017JA024067)  doi: 
 []

[7 <./figures/fig4.pdf>]
Underfull \hbox (badness 10000) in paragraph at lines 52--78
[]\OT1/cmr/m/n/10 O'Brien, T. P., Lorentzen, K. R., Mann, I. R., Mered-ith, N. 
P., Blake, J. B., Fen- 
 []


Underfull \hbox (badness 10000) in paragraph at lines 52--78
\OT1/cmr/m/n/10 nell, J. F., ... An-der-son, R. R.  (2003).  En-er-giza-tion of
 rel-a-tivis-tic elec- 
 []


Underfull \hbox (badness 10000) in paragraph at lines 52--78
\OT1/cmr/m/n/10 trons in the pres-ence of ULF power and MeV mi-crobursts: Ev-i-
dence for dual 
 []


Underfull \hbox (badness 3029) in paragraph at lines 52--78
\OT1/cmr/m/n/10 ULF and VLF ac-cel-er-a-tion.  \OT1/cmr/m/it/10 Jour-nal of Geo
-phys-i-cal Re-search: Space Physics\OT1/cmr/m/n/10 , 
 []

) [8] (./shumko_sampex_microburst_durations_v00.aux)

LaTeX Font Warning: Size substitutions with differences
(Font)              up to 0.45pt have occurred.


LaTeX Warning: There were multiply-defined labels.

 ) 
Here is how much of TeX's memory you used:
 3492 strings out of 481239
 50032 string characters out of 5920377
 300155 words of memory out of 5000000
 18692 multiletter control sequences out of 15000+600000
 538541 words of font info for 45 fonts, out of 8000000 for 9000
 1147 hyphenation exceptions out of 8191
 38i,9n,41p,873b,322s stack positions out of 5000i,500n,10000p,200000b,80000s
</usr/share/texlive/texmf-dist/fonts/type1/public/amsfonts/cm/cmbx10.pfb></us
r/share/texlive/texmf-dist/fonts/type1/public/amsfonts/cm/cmbx12.pfb></usr/shar
e/texlive/texmf-dist/fonts/type1/public/amsfonts/cm/cmbx9.pfb></usr/share/texli
ve/texmf-dist/fonts/type1/public/amsfonts/cm/cmex10.pfb></usr/share/texlive/tex
mf-dist/fonts/type1/public/amsfonts/cm/cmmi10.pfb></usr/share/texlive/texmf-dis
t/fonts/type1/public/amsfonts/cm/cmmi5.pfb></usr/share/texlive/texmf-dist/fonts
/type1/public/amsfonts/cm/cmmi7.pfb></usr/share/texlive/texmf-dist/fonts/type1/
public/amsfonts/cm/cmmi9.pfb></usr/share/texlive/texmf-dist/fonts/type1/public/
amsfonts/cm/cmr10.pfb></usr/share/texlive/texmf-dist/fonts/type1/public/amsfont
s/cm/cmr5.pfb></usr/share/texlive/texmf-dist/fonts/type1/public/amsfonts/cm/cmr
6.pfb></usr/share/texlive/texmf-dist/fonts/type1/public/amsfonts/cm/cmr7.pfb></
usr/share/texlive/texmf-dist/fonts/type1/public/amsfonts/cm/cmr8.pfb></usr/shar
e/texlive/texmf-dist/fonts/type1/public/amsfonts/cm/cmr9.pfb></usr/share/texliv
e/texmf-dist/fonts/type1/public/amsfonts/cm/cmss8.pfb></usr/share/texlive/texmf
-dist/fonts/type1/public/amsfonts/cm/cmsy10.pfb></usr/share/texlive/texmf-dist/
fonts/type1/public/amsfonts/cm/cmsy5.pfb></usr/share/texlive/texmf-dist/fonts/t
ype1/public/amsfonts/cm/cmsy7.pfb></usr/share/texlive/texmf-dist/fonts/type1/pu
blic/amsfonts/cm/cmti10.pfb></usr/share/texlive/texmf-dist/fonts/type1/public/a
msfonts/cm/cmti9.pfb></usr/share/texlive/texmf-dist/fonts/type1/public/amsfonts
/cm/cmtt10.pfb></usr/share/texlive/texmf-dist/fonts/type1/public/amsfonts/cm/cm
tt9.pfb>
Output written on shumko_sampex_microburst_durations_v00.pdf (8 pages, 508680 b
ytes).
PDF statistics:
 415 PDF objects out of 1000 (max. 8388607)
 133 compressed objects within 2 object streams
 0 named destinations out of 1000 (max. 500000)
 26 words of extra memory for PDF output out of 10000 (max. 10000000)

